<?xml version="1.0" encoding="UTF-8" ?>
<testsuite tests="5" failures="1" name="com.alon.querydecoder.test.QueryDecoderTest" time="105.591" errors="0" skipped="0">
  <properties>
    <property name="java.runtime.name" value="OpenJDK Runtime Environment"/>
    <property name="java.vm.version" value="11.0.4+11-post-Ubuntu-1ubuntu218.04.3"/>
    <property name="sun.boot.library.path" value="/usr/lib/jvm/java-11-openjdk-amd64/lib"/>
    <property name="maven.multiModuleProjectDirectory" value="/home/paulo/NetBeansProjects/querydecoder"/>
    <property name="java.vm.vendor" value="Ubuntu"/>
    <property name="java.vendor.url" value="https://ubuntu.com/"/>
    <property name="guice.disable.misplaced.annotation.check" value="true"/>
    <property name="path.separator" value=":"/>
    <property name="java.vm.name" value="OpenJDK 64-Bit Server VM"/>
    <property name="sun.os.patch.level" value="unknown"/>
    <property name="user.country" value="BR"/>
    <property name="sun.java.launcher" value="SUN_STANDARD"/>
    <property name="test" value="com.alon.querydecoder.test.QueryDecoderTest"/>
    <property name="java.vm.specification.name" value="Java Virtual Machine Specification"/>
    <property name="user.dir" value="/home/paulo/NetBeansProjects/querydecoder"/>
    <property name="java.vm.compressedOopsMode" value="32-bit"/>
    <property name="java.runtime.version" value="11.0.4+11-post-Ubuntu-1ubuntu218.04.3"/>
    <property name="java.awt.graphicsenv" value="sun.awt.X11GraphicsEnvironment"/>
    <property name="os.arch" value="amd64"/>
    <property name="java.io.tmpdir" value="/tmp"/>
    <property name="line.separator" value="
"/>
    <property name="java.vm.specification.vendor" value="Oracle Corporation"/>
    <property name="os.name" value="Linux"/>
    <property name="maven.ext.class.path" value="/snap/netbeans/10/netbeans/java/maven-nblib/netbeans-eventspy.jar"/>
    <property name="classworlds.conf" value="/snap/netbeans/10/netbeans/java/maven/bin/m2.conf"/>
    <property name="sun.jnu.encoding" value="UTF-8"/>
    <property name="java.library.path" value="/usr/java/packages/lib:/usr/lib/x86_64-linux-gnu/jni:/lib/x86_64-linux-gnu:/usr/lib/x86_64-linux-gnu:/usr/lib/jni:/lib:/usr/lib"/>
    <property name="jdk.debug" value="release"/>
    <property name="java.class.version" value="55.0"/>
    <property name="java.specification.name" value="Java Platform API Specification"/>
    <property name="sun.management.compiler" value="HotSpot 64-Bit Tiered Compilers"/>
    <property name="jpda.listen" value="true"/>
    <property name="os.version" value="5.0.0-25-generic"/>
    <property name="jpda.address" value="58303"/>
    <property name="user.home" value="/home/paulo"/>
    <property name="user.timezone" value="America/Sao_Paulo"/>
    <property name="java.awt.printerjob" value="sun.print.PSPrinterJob"/>
    <property name="file.encoding" value="UTF-8"/>
    <property name="java.specification.version" value="11"/>
    <property name="user.name" value="paulo"/>
    <property name="java.class.path" value="/snap/netbeans/10/netbeans/java/maven/boot/plexus-classworlds-2.5.2.jar"/>
    <property name="maven.surefire.debug" value="-agentlib:jdwp=transport=dt_socket,server=n,address=58303"/>
    <property name="java.vm.specification.version" value="11"/>
    <property name="sun.arch.data.model" value="64"/>
    <property name="sun.java.command" value="org.codehaus.plexus.classworlds.launcher.Launcher -Dtest=com.alon.querydecoder.test.QueryDecoderTest -DforkMode=once -Dmaven.surefire.debug=-agentlib:jdwp=transport=dt_socket,server=n,address=58303 -Djpda.listen=true -Djpda.address=58303 -Dmaven.ext.class.path=/snap/netbeans/10/netbeans/java/maven-nblib/netbeans-eventspy.jar test-compile surefire:test"/>
    <property name="java.home" value="/usr/lib/jvm/java-11-openjdk-amd64"/>
    <property name="user.language" value="pt"/>
    <property name="java.specification.vendor" value="Oracle Corporation"/>
    <property name="awt.toolkit" value="sun.awt.X11.XToolkit"/>
    <property name="java.vm.info" value="mixed mode"/>
    <property name="java.version" value="11.0.4"/>
    <property name="securerandom.source" value="file:/dev/./urandom"/>
    <property name="java.vendor" value="Ubuntu"/>
    <property name="maven.home" value="/snap/netbeans/10/netbeans/java/maven"/>
    <property name="file.separator" value="/"/>
    <property name="java.version.date" value="2019-07-16"/>
    <property name="java.vendor.url.bug" value="https://bugs.launchpad.net/ubuntu/+source/openjdk-lts"/>
    <property name="forkMode" value="once"/>
    <property name="sun.io.unicode.encoding" value="UnicodeLittle"/>
    <property name="sun.cpu.endian" value="little"/>
    <property name="sun.desktop" value="gnome"/>
    <property name="sun.cpu.isalist" value=""/>
  </properties>
  <testcase classname="com.alon.querydecoder.test.QueryDecoderTest" name="com.alon.querydecoder.test.QueryDecoderTest.testResolvedStringLevelOne" time="0.062"/>
  <testcase classname="com.alon.querydecoder.test.QueryDecoderTest" name="com.alon.querydecoder.test.QueryDecoderTest.testResolvedStringLevelTwo" time="0.001"/>
  <testcase classname="com.alon.querydecoder.test.QueryDecoderTest" name="com.alon.querydecoder.test.QueryDecoderTest.testResolvedStringLevelThree" time="0.002"/>
  <testcase classname="com.alon.querydecoder.test.QueryDecoderTest" name="com.alon.querydecoder.test.QueryDecoderTest.testResolvedStringLevelFour" time="0.008"/>
  <testcase classname="com.alon.querydecoder.test.QueryDecoderTest" name="com.alon.querydecoder.test.QueryDecoderTest.testResolvedStringLevelFive" time="105.518">
    <failure message="expected: &lt;nome[CT]:Paulo AND (sobrenome[CT]:Alonso OR idade[LTE]:40) AND profissao[EQ]:Programador&gt; but was: &lt;nome[CT]:Paulo AND (sobrenome[CT]:Alonso OR idade[LTE]:40 AND profissao[EQ]:Programador)&gt;" type="org.opentest4j.AssertionFailedError">org.opentest4j.AssertionFailedError: expected: &lt;nome[CT]:Paulo AND (sobrenome[CT]:Alonso OR idade[LTE]:40) AND profissao[EQ]:Programador&gt; but was: &lt;nome[CT]:Paulo AND (sobrenome[CT]:Alonso OR idade[LTE]:40 AND profissao[EQ]:Programador)&gt;
	at org.junit.jupiter.api.AssertionUtils.fail(AssertionUtils.java:54)
	at org.junit.jupiter.api.AssertEquals.failNotEqual(AssertEquals.java:195)
	at org.junit.jupiter.api.AssertEquals.assertEquals(AssertEquals.java:184)
	at org.junit.jupiter.api.AssertEquals.assertEquals(AssertEquals.java:179)
	at org.junit.jupiter.api.Assertions.assertEquals(Assertions.java:508)
	at com.alon.querydecoder.test.QueryDecoderTest.testResolvedStringLevelFive(QueryDecoderTest.java:74)
</failure>
  </testcase>
</testsuite>